-18:
1111 0010 0000 1101 0000 0011 1111 1100 0000 0001 0001 0000 0000 0010 1000 0000 1001 0011 ?$ 1100 1000 0011 0100 0000 1111 1111 0000 0000 0100 0100 0000 0000 1010 0000 0010 0100 11? 
-19:
1111 0010 0000 1101 0000 0011 1111 1100 0000 0001 0010 0000 0000 0010 1000 0000 1010 0011 ?$ 1100 1000 0011 0100 0000 1111 1111 0000 0000 0100 1000 0000 0000 1010 0000 0010 1000 11? 
-20:
1111 0010 0000 1101 0000 0011 1111 1100 0000 0001 0011 0000 0000 0010 1000 0000 1011 0011 ?$ 1100 1000 0011 0100 0000 1111 1111 0000 0000 0100 1100 0000 0000 1010 0000 0010 1100 11? 
-21:
1111 0010 0000 1101 0000 0011 1111 1100 0000 0001 0100 0000 0000 0010 1000 0000 1100 0011 ?$ 1100 1000 0011 0100 0000 1111 1111 0000 0000 0101 0000 0000 0000 1010 0000 0011 0000 11? 
-22:
1111 0010 0000 1101 0000 0011 1111 1100 0000 0001 0101 0000 0000 0010 1000 0000 1101 0011 ?$ 1100 1000 0011 0100 0000 1111 1111 0000 0000 0101 0100 0000 0000 1010 0000 0011 0100 11? 
-23:
1111 0010 0000 1101 0000 0011 1111 1100 0000 0001 0110 0000 0000 0010 1000 0000 1110 0011 ?$ 1100 1000 0011 0100 0000 1111 1111 0000 0000 0101 1000 0000 0000 1010 0000 0011 1000 11? 
-24:
1111 0010 0000 1101 0000 0011 1111 1100 0000 0001 0111 0000 0000 0010 1000 0000 1111 0011 ?$ 1100 1000 0011 0100 0000 1111 1111 0000 0000 0101 1100 0000 0000 1010 0000 0011 1100 11? 
-25:
1111 0010 0000 1101 0000 0011 1111 1100 0000 0001 1000 0000 0000 0010 1000 0000 0000 0011 ?$ 1100 1000 0011 0100 0000 1111 1111 0000 0000 0110 0000 0000 0000 1010 0000 0000 0000 11? 
-26:
1111 0010 0000 1101 0000 0011 1111 1100 0000 0001 1001 0000 0000 0010 1000 0000 0001 0011 ?$ 1100 1000 0011 0100 0000 1111 1111 0000 0000 0110 0100 0000 0000 1010 0000 0000 0100 11? 
-27:
1111 0010 0000 1101 0000 0011 1111 1100 0000 0001 1010 0000 0000 0010 1000 0000 0010 0011 ?$ 1100 1000 0011 0100 0000 1111 1111 0000 0000 0110 1000 0000 0000 1010 0000 0000 1000 11? 
-28:
1111 0010 0000 1101 0000 0011 1111 1100 0000 0001 1011 0000 0000 0010 1000 0000 0011 0011 ?$ 1100 1000 0011 0100 0000 1111 1111 0000 0000 0110 1100 0000 0000 1010 0000 0000 1100 11? 
-29:
1111 0010 0000 1101 0000 0011 1111 1100 0000 0001 1100 0000 0000 0010 1000 0000 0100 0011 ?$ 1100 1000 0011 0100 0000 1111 1111 0000 0000 0111 0000 0000 0000 1010 0000 0001 0000 11? 
-30:
1111 0010 0000 1101 0000 0011 1111 1100 0000 0001 1101 0000 0000 0010 1000 0000 0101 0011 ?$ 1100 1000 0011 0100 0000 1111 1111 0000 0000 0111 0100 0000 0000 1010 0000 0001 0100 11? 
17-:
1111 0010 0000 1101 0000 0011 1111 1100 0000 0001 0000 0000 0000 0010 1000 0000 1000 0011 ?$ 1100 1000 0011 0100 0000 1111 1111 0000 0000 0100 0000 0000 0000 1010 0000 0010 0000 11? 
18-:
1111 0010 0000 1101 0000 0011 1111 1100 0000 0001 0001 0000 0000 0010 1000 0000 1001 0011 ?$ 1100 1000 0011 0100 0000 1111 1111 0000 0000 0100 0100 0000 0000 1010 0000 0010 0100 11? 
19-:
1111 0010 0000 1101 0000 0011 1111 1100 0000 0001 0010 0000 0000 0010 1000 0000 1010 0011 ?$ 1100 1000 0011 0100 0000 1111 1111 0000 0000 0100 1000 0000 0000 1010 0000 0010 1000 11? 
20-:
1111 0010 0000 1101 0000 0011 1111 1100 0000 0001 0011 0000 0000 0010 1000 0000 1011 0011 ?$ 1100 1000 0011 0100 0000 1111 1111 0000 0000 0100 1100 0000 0000 1010 0000 0010 1100 11? 
21-:
1111 0010 0000 1101 0000 0011 1111 1100 0000 0001 0100 0000 0000 0010 1000 0000 1100 0011 ?$ 1100 1000 0011 0100 0000 1111 1111 0000 0000 0101 0000 0000 0000 1010 0000 0011 0000 11? 
22-:
1111 0010 0000 1101 0000 0011 1111 1100 0000 0001 0101 0000 0000 0010 1000 0000 1101 0011 ?$ 1100 1000 0011 0100 0000 1111 1111 0000 0000 0101 0100 0000 0000 1010 0000 0011 0100 11? 
23-:
1111 0010 0000 1101 0000 0011 1111 1100 0000 0001 0110 0000 0000 0010 1000 0000 1110 0011 ?$ 1100 1000 0011 0100 0000 1111 1111 0000 0000 0101 1000 0000 0000 1010 0000 0011 1000 11? 
24-:
1111 0010 0000 1101 0000 0011 1111 1100 0000 0001 0111 0000 0000 0010 1000 0000 1111 0011 ?$ 1100 1000 0011 0100 0000 1111 1111 0000 0000 0101 1100 0000 0000 1010 0000 0011 1100 11? 
25-:
1111 0010 0000 1101 0000 0011 1111 1100 0000 0001 1000 0000 0000 0010 1000 0000 0000 0011 ?$ 1100 1000 0011 0100 0000 1111 1111 0000 0000 0110 0000 0000 0000 1010 0000 0000 0000 11? 
26-:
1111 0010 0000 1101 0000 0011 1111 1100 0000 0001 1001 0000 0000 0010 1000 0000 0001 0011 ?$ 1100 1000 0011 0100 0000 1111 1111 0000 0000 0110 0100 0000 0000 1010 0000 0000 0100 11? 
27-:
1111 0010 0000 1101 0000 0011 1111 1100 0000 0001 1010 0000 0000 0010 1000 0000 0010 0011 ?$ 1100 1000 0011 0100 0000 1111 1111 0000 0000 0110 1000 0000 0000 1010 0000 0000 1000 11? 
28-:
1111 0010 0000 1101 0000 0011 1111 1100 0000 0001 1011 0000 0000 0010 1000 0000 0011 0011 ?$ 1100 1000 0011 0100 0000 1111 1111 0000 0000 0110 1100 0000 0000 1010 0000 0000 1100 11? 
29-:
1111 0010 0000 1101 0000 0011 1111 1100 0000 0001 1100 0000 0000 0010 1000 0000 0100 0011 ?$ 1100 1000 0011 0100 0000 1111 1111 0000 0000 0111 0000 0000 0000 1010 0000 0001 0000 11? 
